<?xml version="1.0" encoding="UTF-8"?>
<!-- Generated by org.testng.reporters.JUnitReportReporter -->
<testsuite hostname="DESKTOP-K5NK2KJ" failures="0" tests="1" name="javabuildproject_Test" time="0.013" errors="0" timestamp="24 Nov 2022 07:20:32 GMT">
  <testcase classname="javabuildproject_Test" name="f" time="0.013"/>
</testsuite> <!-- javabuildproject_Test -->
